Determining if the pthread_create exist failed with the following output:
Change Dir: /home/ubuntu/rasPi2-ROS/workspace/build/CMakeFiles/CMakeTmp

Run Build Command:/usr/bin/make "cmTryCompileExec4146792240/fast"
/usr/bin/make -f CMakeFiles/cmTryCompileExec4146792240.dir/build.make CMakeFiles/cmTryCompileExec4146792240.dir/build
make[1]: Entering directory `/home/ubuntu/rasPi2-ROS/workspace/build/CMakeFiles/CMakeTmp'
/usr/bin/cmake -E cmake_progress_report /home/ubuntu/rasPi2-ROS/workspace/build/CMakeFiles/CMakeTmp/CMakeFiles 1
Building C object CMakeFiles/cmTryCompileExec4146792240.dir/CheckSymbolExists.c.o
/usr/bin/cc    -o CMakeFiles/cmTryCompileExec4146792240.dir/CheckSymbolExists.c.o   -c /home/ubuntu/rasPi2-ROS/workspace/build/CMakeFiles/CMakeTmp/CheckSymbolExists.c
Linking C executable cmTryCompileExec4146792240
/usr/bin/cmake -E cmake_link_script CMakeFiles/cmTryCompileExec4146792240.dir/link.txt --verbose=1
/usr/bin/cc       CMakeFiles/cmTryCompileExec4146792240.dir/CheckSymbolExists.c.o  -o cmTryCompileExec4146792240 -rdynamic 
CMakeFiles/cmTryCompileExec4146792240.dir/CheckSymbolExists.c.o: In function `main':
CheckSymbolExists.c:(.text+0xe): undefined reference to `pthread_create'
CheckSymbolExists.c:(.text+0x12): undefined reference to `pthread_create'
collect2: error: ld returned 1 exit status
make[1]: Leaving directory `/home/ubuntu/rasPi2-ROS/workspace/build/CMakeFiles/CMakeTmp'
make[1]: *** [cmTryCompileExec4146792240] Error 1
make: *** [cmTryCompileExec4146792240/fast] Error 2

File /home/ubuntu/rasPi2-ROS/workspace/build/CMakeFiles/CMakeTmp/CheckSymbolExists.c:
/* */
#include <pthread.h>

int main(int argc, char** argv)
{
  (void)argv;
#ifndef pthread_create
  return ((int*)(&pthread_create))[argc];
#else
  (void)argc;
  return 0;
#endif
}

Determining if the function pthread_create exists in the pthreads failed with the following output:
Change Dir: /home/ubuntu/rasPi2-ROS/workspace/build/CMakeFiles/CMakeTmp

Run Build Command:/usr/bin/make "cmTryCompileExec120061597/fast"
/usr/bin/make -f CMakeFiles/cmTryCompileExec120061597.dir/build.make CMakeFiles/cmTryCompileExec120061597.dir/build
make[1]: Entering directory `/home/ubuntu/rasPi2-ROS/workspace/build/CMakeFiles/CMakeTmp'
/usr/bin/cmake -E cmake_progress_report /home/ubuntu/rasPi2-ROS/workspace/build/CMakeFiles/CMakeTmp/CMakeFiles 1
Building C object CMakeFiles/cmTryCompileExec120061597.dir/CheckFunctionExists.c.o
/usr/bin/cc   -DCHECK_FUNCTION_EXISTS=pthread_create   -o CMakeFiles/cmTryCompileExec120061597.dir/CheckFunctionExists.c.o   -c /usr/share/cmake-2.8/Modules/CheckFunctionExists.c
Linking C executable cmTryCompileExec120061597
/usr/bin/cmake -E cmake_link_script CMakeFiles/cmTryCompileExec120061597.dir/link.txt --verbose=1
/usr/bin/cc   -DCHECK_FUNCTION_EXISTS=pthread_create    CMakeFiles/cmTryCompileExec120061597.dir/CheckFunctionExists.c.o  -o cmTryCompileExec120061597 -rdynamic -lpthreads 
/usr/bin/ld: cannot find -lpthreads
collect2: error: ld returned 1 exit status
make[1]: Leaving directory `/home/ubuntu/rasPi2-ROS/workspace/build/CMakeFiles/CMakeTmp'
make[1]: *** [cmTryCompileExec120061597] Error 1
make: *** [cmTryCompileExec120061597/fast] Error 2


